INFO       Cache size for target 'cython': 66458786559 MB.
You can call clear_cache('cython') to delete all files from the cache or manually delete files in the '/home/chieh1102/.cython/brian_extensions' directory. [brian2]
START!!
9826
pfl2
1
INFO       Cache size for target 'cython': 66459203983 MB.
You can call clear_cache('cython') to delete all files from the cache or manually delete files in the '/home/chieh1102/.cython/brian_extensions' directory. [brian2]
START!!
3937
pfl2
1
run time: 87.97338271141052 s
run time: 85.42971205711365 s
INFO       Cache size for target 'cython': 66463870079 MB.
You can call clear_cache('cython') to delete all files from the cache or manually delete files in the '/home/chieh1102/.cython/brian_extensions' directory. [brian2]
START!!
2055
pfl2
3
INFO       Cache size for target 'cython': 66463870079 MB.
You can call clear_cache('cython') to delete all files from the cache or manually delete files in the '/home/chieh1102/.cython/brian_extensions' directory. [brian2]
START!!
7953
pfl2
3
run time: 84.87551522254944 s
run time: 87.84166860580444 s
INFO       Cache size for target 'cython': 78196834667 MB.
You can call clear_cache('cython') to delete all files from the cache or manually delete files in the '/home/chieh1102/.cython/brian_extensions' directory. [brian2]
START!!
5179
pfl2
3
INFO       Cache size for target 'cython': 78196834667 MB.
You can call clear_cache('cython') to delete all files from the cache or manually delete files in the '/home/chieh1102/.cython/brian_extensions' directory. [brian2]
START!!
4478
pfl2
3
INFO       Cache size for target 'cython': 78196834667 MB.
You can call clear_cache('cython') to delete all files from the cache or manually delete files in the '/home/chieh1102/.cython/brian_extensions' directory. [brian2]
START!!
3522
pfl2
1
INFO       Cache size for target 'cython': 78196834667 MB.
You can call clear_cache('cython') to delete all files from the cache or manually delete files in the '/home/chieh1102/.cython/brian_extensions' directory. [brian2]
START!!
4011
pfl2
1
run time: 85.63793635368347 s
run time: 94.74062466621399 s
run time: 89.52862596511841 s
run time: 89.39092326164246 s
INFO       Cache size for target 'cython': 79678950766 MB.
You can call clear_cache('cython') to delete all files from the cache or manually delete files in the '/home/chieh1102/.cython/brian_extensions' directory. [brian2]
START!!
3189
pfl2
1
INFO       Cache size for target 'cython': 79678950766 MB.
You can call clear_cache('cython') to delete all files from the cache or manually delete files in the '/home/chieh1102/.cython/brian_extensions' directory. [brian2]
START!!
8486
pfl2
1
INFO       Cache size for target 'cython': 79678950766 MB.
You can call clear_cache('cython') to delete all files from the cache or manually delete files in the '/home/chieh1102/.cython/brian_extensions' directory. [brian2]
START!!
5247
pfl2
1
run time: 76.32812690734863 s
run time: 75.92237901687622 s
