INFO       Cache size for target 'cython': 66458786559 MB.
You can call clear_cache('cython') to delete all files from the cache or manually delete files in the '/home/chieh1102/.cython/brian_extensions' directory. [brian2]
START!!
9826
pfl2
1
INFO       Cache size for target 'cython': 66459203983 MB.
You can call clear_cache('cython') to delete all files from the cache or manually delete files in the '/home/chieh1102/.cython/brian_extensions' directory. [brian2]
START!!
3937
pfl2
1
run time: 87.97338271141052 s
run time: 85.42971205711365 s
INFO       Cache size for target 'cython': 66463870079 MB.
You can call clear_cache('cython') to delete all files from the cache or manually delete files in the '/home/chieh1102/.cython/brian_extensions' directory. [brian2]
START!!
2055
pfl2
3
INFO       Cache size for target 'cython': 66463870079 MB.
You can call clear_cache('cython') to delete all files from the cache or manually delete files in the '/home/chieh1102/.cython/brian_extensions' directory. [brian2]
START!!
7953
pfl2
3
run time: 84.87551522254944 s
run time: 87.84166860580444 s
